2023-07-16 16:49:29,716 -  nornir.core -     INFO -        run() - Running task 'send_telnet_command' with args {} on 3 hosts
2023-07-16 16:49:50,818 - nornir.core.task -    ERROR -      start() - Host 'sw102': task 'netmiko_send_command' failed with traceback:
Traceback (most recent call last):
  File "C:\Users\naera\AppData\Local\Programs\Python\Python311\Lib\site-packages\nornir\core\task.py", line 99, in start
    r = self.task(self, **self.params)
        ^^^^^^^^^^^^^^^^^^^^^^^^^^^^^^
  File "C:\Users\naera\AppData\Local\Programs\Python\Python311\Lib\site-packages\nornir_netmiko\tasks\netmiko_send_command.py", line 26, in netmiko_send_command
    net_connect = task.host.get_connection(CONNECTION_NAME, task.nornir.config)
                  ^^^^^^^^^^^^^^^^^^^^^^^^^^^^^^^^^^^^^^^^^^^^^^^^^^^^^^^^^^^^^
  File "C:\Users\naera\AppData\Local\Programs\Python\Python311\Lib\site-packages\nornir\core\inventory.py", line 494, in get_connection
    self.open_connection(
  File "C:\Users\naera\AppData\Local\Programs\Python\Python311\Lib\site-packages\nornir\core\inventory.py", line 546, in open_connection
    conn_obj.open(
  File "C:\Users\naera\AppData\Local\Programs\Python\Python311\Lib\site-packages\nornir_netmiko\connections\netmiko.py", line 59, in open
    connection = ConnectHandler(**parameters)
                 ^^^^^^^^^^^^^^^^^^^^^^^^^^^^
  File "C:\Users\naera\AppData\Local\Programs\Python\Python311\Lib\site-packages\netmiko\ssh_dispatcher.py", line 365, in ConnectHandler
    return ConnectionClass(*args, **kwargs)
           ^^^^^^^^^^^^^^^^^^^^^^^^^^^^^^^^
  File "C:\Users\naera\AppData\Local\Programs\Python\Python311\Lib\site-packages\netmiko\base_connection.py", line 439, in __init__
    self._open()
  File "C:\Users\naera\AppData\Local\Programs\Python\Python311\Lib\site-packages\netmiko\base_connection.py", line 444, in _open
    self.establish_connection()
  File "C:\Users\naera\AppData\Local\Programs\Python\Python311\Lib\site-packages\netmiko\base_connection.py", line 1029, in establish_connection
    self.remote_conn = telnetlib.Telnet(
                       ^^^^^^^^^^^^^^^^^
  File "C:\Users\naera\AppData\Local\Programs\Python\Python311\Lib\telnetlib.py", line 221, in __init__
    self.open(host, port, timeout)
  File "C:\Users\naera\AppData\Local\Programs\Python\Python311\Lib\telnetlib.py", line 238, in open
    self.sock = socket.create_connection((host, port), timeout)
                ^^^^^^^^^^^^^^^^^^^^^^^^^^^^^^^^^^^^^^^^^^^^^^^
  File "C:\Users\naera\AppData\Local\Programs\Python\Python311\Lib\socket.py", line 851, in create_connection
    raise exceptions[0]
  File "C:\Users\naera\AppData\Local\Programs\Python\Python311\Lib\socket.py", line 836, in create_connection
    sock.connect(sa)
TimeoutError: [WinError 10060] A connection attempt failed because the connected party did not properly respond after a period of time, or established connection failed because connected host has failed to respond

2023-07-16 16:49:50,819 - nornir.core.task -    ERROR -      start() - Host 'ro1': task 'netmiko_send_command' failed with traceback:
Traceback (most recent call last):
  File "C:\Users\naera\AppData\Local\Programs\Python\Python311\Lib\site-packages\nornir\core\task.py", line 99, in start
    r = self.task(self, **self.params)
        ^^^^^^^^^^^^^^^^^^^^^^^^^^^^^^
  File "C:\Users\naera\AppData\Local\Programs\Python\Python311\Lib\site-packages\nornir_netmiko\tasks\netmiko_send_command.py", line 26, in netmiko_send_command
    net_connect = task.host.get_connection(CONNECTION_NAME, task.nornir.config)
                  ^^^^^^^^^^^^^^^^^^^^^^^^^^^^^^^^^^^^^^^^^^^^^^^^^^^^^^^^^^^^^
  File "C:\Users\naera\AppData\Local\Programs\Python\Python311\Lib\site-packages\nornir\core\inventory.py", line 494, in get_connection
    self.open_connection(
  File "C:\Users\naera\AppData\Local\Programs\Python\Python311\Lib\site-packages\nornir\core\inventory.py", line 546, in open_connection
    conn_obj.open(
  File "C:\Users\naera\AppData\Local\Programs\Python\Python311\Lib\site-packages\nornir_netmiko\connections\netmiko.py", line 59, in open
    connection = ConnectHandler(**parameters)
                 ^^^^^^^^^^^^^^^^^^^^^^^^^^^^
  File "C:\Users\naera\AppData\Local\Programs\Python\Python311\Lib\site-packages\netmiko\ssh_dispatcher.py", line 365, in ConnectHandler
    return ConnectionClass(*args, **kwargs)
           ^^^^^^^^^^^^^^^^^^^^^^^^^^^^^^^^
  File "C:\Users\naera\AppData\Local\Programs\Python\Python311\Lib\site-packages\netmiko\base_connection.py", line 439, in __init__
    self._open()
  File "C:\Users\naera\AppData\Local\Programs\Python\Python311\Lib\site-packages\netmiko\base_connection.py", line 444, in _open
    self.establish_connection()
  File "C:\Users\naera\AppData\Local\Programs\Python\Python311\Lib\site-packages\netmiko\base_connection.py", line 1029, in establish_connection
    self.remote_conn = telnetlib.Telnet(
                       ^^^^^^^^^^^^^^^^^
  File "C:\Users\naera\AppData\Local\Programs\Python\Python311\Lib\telnetlib.py", line 221, in __init__
    self.open(host, port, timeout)
  File "C:\Users\naera\AppData\Local\Programs\Python\Python311\Lib\telnetlib.py", line 238, in open
    self.sock = socket.create_connection((host, port), timeout)
                ^^^^^^^^^^^^^^^^^^^^^^^^^^^^^^^^^^^^^^^^^^^^^^^
  File "C:\Users\naera\AppData\Local\Programs\Python\Python311\Lib\socket.py", line 851, in create_connection
    raise exceptions[0]
  File "C:\Users\naera\AppData\Local\Programs\Python\Python311\Lib\socket.py", line 836, in create_connection
    sock.connect(sa)
TimeoutError: [WinError 10060] A connection attempt failed because the connected party did not properly respond after a period of time, or established connection failed because connected host has failed to respond

2023-07-16 16:49:50,820 - nornir.core.task -    ERROR -      start() - Host 'sw101': task 'netmiko_send_command' failed with traceback:
Traceback (most recent call last):
  File "C:\Users\naera\AppData\Local\Programs\Python\Python311\Lib\site-packages\nornir\core\task.py", line 99, in start
    r = self.task(self, **self.params)
        ^^^^^^^^^^^^^^^^^^^^^^^^^^^^^^
  File "C:\Users\naera\AppData\Local\Programs\Python\Python311\Lib\site-packages\nornir_netmiko\tasks\netmiko_send_command.py", line 26, in netmiko_send_command
    net_connect = task.host.get_connection(CONNECTION_NAME, task.nornir.config)
                  ^^^^^^^^^^^^^^^^^^^^^^^^^^^^^^^^^^^^^^^^^^^^^^^^^^^^^^^^^^^^^
  File "C:\Users\naera\AppData\Local\Programs\Python\Python311\Lib\site-packages\nornir\core\inventory.py", line 494, in get_connection
    self.open_connection(
  File "C:\Users\naera\AppData\Local\Programs\Python\Python311\Lib\site-packages\nornir\core\inventory.py", line 546, in open_connection
    conn_obj.open(
  File "C:\Users\naera\AppData\Local\Programs\Python\Python311\Lib\site-packages\nornir_netmiko\connections\netmiko.py", line 59, in open
    connection = ConnectHandler(**parameters)
                 ^^^^^^^^^^^^^^^^^^^^^^^^^^^^
  File "C:\Users\naera\AppData\Local\Programs\Python\Python311\Lib\site-packages\netmiko\ssh_dispatcher.py", line 365, in ConnectHandler
    return ConnectionClass(*args, **kwargs)
           ^^^^^^^^^^^^^^^^^^^^^^^^^^^^^^^^
  File "C:\Users\naera\AppData\Local\Programs\Python\Python311\Lib\site-packages\netmiko\base_connection.py", line 439, in __init__
    self._open()
  File "C:\Users\naera\AppData\Local\Programs\Python\Python311\Lib\site-packages\netmiko\base_connection.py", line 444, in _open
    self.establish_connection()
  File "C:\Users\naera\AppData\Local\Programs\Python\Python311\Lib\site-packages\netmiko\base_connection.py", line 1029, in establish_connection
    self.remote_conn = telnetlib.Telnet(
                       ^^^^^^^^^^^^^^^^^
  File "C:\Users\naera\AppData\Local\Programs\Python\Python311\Lib\telnetlib.py", line 221, in __init__
    self.open(host, port, timeout)
  File "C:\Users\naera\AppData\Local\Programs\Python\Python311\Lib\telnetlib.py", line 238, in open
    self.sock = socket.create_connection((host, port), timeout)
                ^^^^^^^^^^^^^^^^^^^^^^^^^^^^^^^^^^^^^^^^^^^^^^^
  File "C:\Users\naera\AppData\Local\Programs\Python\Python311\Lib\socket.py", line 851, in create_connection
    raise exceptions[0]
  File "C:\Users\naera\AppData\Local\Programs\Python\Python311\Lib\socket.py", line 836, in create_connection
    sock.connect(sa)
TimeoutError: [WinError 10060] A connection attempt failed because the connected party did not properly respond after a period of time, or established connection failed because connected host has failed to respond

2023-07-16 16:49:50,830 - nornir.core.task -    ERROR -      start() - Host 'sw102': task 'send_telnet_command' failed with traceback:
Traceback (most recent call last):
  File "C:\Users\naera\AppData\Local\Programs\Python\Python311\Lib\site-packages\nornir\core\task.py", line 99, in start
    r = self.task(self, **self.params)
        ^^^^^^^^^^^^^^^^^^^^^^^^^^^^^^
  File "C:\PROJECT\getdata.py", line 12, in send_telnet_command
    result_interfaces = task.run(task=netmiko_send_command, command_string=show_interfaces_command, use_timing=True)
                        ^^^^^^^^^^^^^^^^^^^^^^^^^^^^^^^^^^^^^^^^^^^^^^^^^^^^^^^^^^^^^^^^^^^^^^^^^^^^^^^^^^^^^^^^^^^^
  File "C:\Users\naera\AppData\Local\Programs\Python\Python311\Lib\site-packages\nornir\core\task.py", line 174, in run
    raise NornirSubTaskError(task=run_task, result=r)
nornir.core.exceptions.NornirSubTaskError: Subtask: netmiko_send_command (failed)


2023-07-16 16:49:50,838 - nornir.core.task -    ERROR -      start() - Host 'ro1': task 'send_telnet_command' failed with traceback:
Traceback (most recent call last):
  File "C:\Users\naera\AppData\Local\Programs\Python\Python311\Lib\site-packages\nornir\core\task.py", line 99, in start
    r = self.task(self, **self.params)
        ^^^^^^^^^^^^^^^^^^^^^^^^^^^^^^
  File "C:\PROJECT\getdata.py", line 12, in send_telnet_command
    result_interfaces = task.run(task=netmiko_send_command, command_string=show_interfaces_command, use_timing=True)
                        ^^^^^^^^^^^^^^^^^^^^^^^^^^^^^^^^^^^^^^^^^^^^^^^^^^^^^^^^^^^^^^^^^^^^^^^^^^^^^^^^^^^^^^^^^^^^
  File "C:\Users\naera\AppData\Local\Programs\Python\Python311\Lib\site-packages\nornir\core\task.py", line 174, in run
    raise NornirSubTaskError(task=run_task, result=r)
nornir.core.exceptions.NornirSubTaskError: Subtask: netmiko_send_command (failed)


2023-07-16 16:49:50,844 - nornir.core.task -    ERROR -      start() - Host 'sw101': task 'send_telnet_command' failed with traceback:
Traceback (most recent call last):
  File "C:\Users\naera\AppData\Local\Programs\Python\Python311\Lib\site-packages\nornir\core\task.py", line 99, in start
    r = self.task(self, **self.params)
        ^^^^^^^^^^^^^^^^^^^^^^^^^^^^^^
  File "C:\PROJECT\getdata.py", line 12, in send_telnet_command
    result_interfaces = task.run(task=netmiko_send_command, command_string=show_interfaces_command, use_timing=True)
                        ^^^^^^^^^^^^^^^^^^^^^^^^^^^^^^^^^^^^^^^^^^^^^^^^^^^^^^^^^^^^^^^^^^^^^^^^^^^^^^^^^^^^^^^^^^^^
  File "C:\Users\naera\AppData\Local\Programs\Python\Python311\Lib\site-packages\nornir\core\task.py", line 174, in run
    raise NornirSubTaskError(task=run_task, result=r)
nornir.core.exceptions.NornirSubTaskError: Subtask: netmiko_send_command (failed)


2023-07-16 16:49:50,873 -  nornir.core -     INFO -        run() - Running task 'close_connections_task' with args {} on 3 hosts
2023-07-16 16:57:13,577 -  nornir.core -     INFO -        run() - Running task 'send_telnet_command' with args {} on 1 hosts
2023-07-16 16:57:18,164 -  nornir.core -     INFO -        run() - Running task 'close_connections_task' with args {} on 1 hosts
2023-07-16 16:57:42,942 -  nornir.core -     INFO -        run() - Running task 'send_telnet_command' with args {} on 3 hosts
2023-07-16 16:58:03,999 - nornir.core.task -    ERROR -      start() - Host 'sw102': task 'netmiko_send_command' failed with traceback:
Traceback (most recent call last):
  File "C:\Users\naera\AppData\Local\Programs\Python\Python311\Lib\site-packages\nornir\core\task.py", line 99, in start
    r = self.task(self, **self.params)
        ^^^^^^^^^^^^^^^^^^^^^^^^^^^^^^
  File "C:\Users\naera\AppData\Local\Programs\Python\Python311\Lib\site-packages\nornir_netmiko\tasks\netmiko_send_command.py", line 26, in netmiko_send_command
    net_connect = task.host.get_connection(CONNECTION_NAME, task.nornir.config)
                  ^^^^^^^^^^^^^^^^^^^^^^^^^^^^^^^^^^^^^^^^^^^^^^^^^^^^^^^^^^^^^
  File "C:\Users\naera\AppData\Local\Programs\Python\Python311\Lib\site-packages\nornir\core\inventory.py", line 494, in get_connection
    self.open_connection(
  File "C:\Users\naera\AppData\Local\Programs\Python\Python311\Lib\site-packages\nornir\core\inventory.py", line 546, in open_connection
    conn_obj.open(
  File "C:\Users\naera\AppData\Local\Programs\Python\Python311\Lib\site-packages\nornir_netmiko\connections\netmiko.py", line 59, in open
    connection = ConnectHandler(**parameters)
                 ^^^^^^^^^^^^^^^^^^^^^^^^^^^^
  File "C:\Users\naera\AppData\Local\Programs\Python\Python311\Lib\site-packages\netmiko\ssh_dispatcher.py", line 365, in ConnectHandler
    return ConnectionClass(*args, **kwargs)
           ^^^^^^^^^^^^^^^^^^^^^^^^^^^^^^^^
  File "C:\Users\naera\AppData\Local\Programs\Python\Python311\Lib\site-packages\netmiko\base_connection.py", line 439, in __init__
    self._open()
  File "C:\Users\naera\AppData\Local\Programs\Python\Python311\Lib\site-packages\netmiko\base_connection.py", line 444, in _open
    self.establish_connection()
  File "C:\Users\naera\AppData\Local\Programs\Python\Python311\Lib\site-packages\netmiko\base_connection.py", line 1029, in establish_connection
    self.remote_conn = telnetlib.Telnet(
                       ^^^^^^^^^^^^^^^^^
  File "C:\Users\naera\AppData\Local\Programs\Python\Python311\Lib\telnetlib.py", line 221, in __init__
    self.open(host, port, timeout)
  File "C:\Users\naera\AppData\Local\Programs\Python\Python311\Lib\telnetlib.py", line 238, in open
    self.sock = socket.create_connection((host, port), timeout)
                ^^^^^^^^^^^^^^^^^^^^^^^^^^^^^^^^^^^^^^^^^^^^^^^
  File "C:\Users\naera\AppData\Local\Programs\Python\Python311\Lib\socket.py", line 851, in create_connection
    raise exceptions[0]
  File "C:\Users\naera\AppData\Local\Programs\Python\Python311\Lib\socket.py", line 836, in create_connection
    sock.connect(sa)
TimeoutError: [WinError 10060] A connection attempt failed because the connected party did not properly respond after a period of time, or established connection failed because connected host has failed to respond

2023-07-16 16:58:04,013 - nornir.core.task -    ERROR -      start() - Host 'sw102': task 'send_telnet_command' failed with traceback:
Traceback (most recent call last):
  File "C:\Users\naera\AppData\Local\Programs\Python\Python311\Lib\site-packages\nornir\core\task.py", line 99, in start
    r = self.task(self, **self.params)
        ^^^^^^^^^^^^^^^^^^^^^^^^^^^^^^
  File "C:\PROJECT\getdata.py", line 12, in send_telnet_command
    result_interfaces = task.run(task=netmiko_send_command, command_string=show_interfaces_command, use_timing=True)
                        ^^^^^^^^^^^^^^^^^^^^^^^^^^^^^^^^^^^^^^^^^^^^^^^^^^^^^^^^^^^^^^^^^^^^^^^^^^^^^^^^^^^^^^^^^^^^
  File "C:\Users\naera\AppData\Local\Programs\Python\Python311\Lib\site-packages\nornir\core\task.py", line 174, in run
    raise NornirSubTaskError(task=run_task, result=r)
nornir.core.exceptions.NornirSubTaskError: Subtask: netmiko_send_command (failed)


2023-07-16 16:58:04,096 -  nornir.core -     INFO -        run() - Running task 'close_connections_task' with args {} on 3 hosts
2023-07-19 16:10:23,511 -  nornir.core -  WARNING -        run() - Task 'send_telnet_command' has not been run – 0 hosts selected
2023-07-19 16:10:23,524 -  nornir.core -  WARNING -        run() - Task 'set_acl' has not been run – 0 hosts selected
2023-07-19 16:10:23,526 -  nornir.core -  WARNING -        run() - Task 'close_connections_task' has not been run – 0 hosts selected
2023-07-19 16:12:08,095 -  nornir.core -     INFO -        run() - Running task 'send_telnet_command' with args {} on 1 hosts
2023-07-19 16:12:12,253 -  nornir.core -     INFO -        run() - Running task 'set_acl' with args {} on 1 hosts
2023-07-19 16:12:22,362 - nornir.core.task -    ERROR -      start() - Host 'mainrouter1': task 'netmiko_send_config' failed with traceback:
Traceback (most recent call last):
  File "C:\Users\naera\AppData\Local\Programs\Python\Python311\Lib\site-packages\nornir\core\task.py", line 99, in start
    r = self.task(self, **self.params)
        ^^^^^^^^^^^^^^^^^^^^^^^^^^^^^^
  File "C:\Users\naera\AppData\Local\Programs\Python\Python311\Lib\site-packages\nornir_netmiko\tasks\netmiko_send_config.py", line 36, in netmiko_send_config
    net_connect.enable()
  File "C:\Users\naera\AppData\Local\Programs\Python\Python311\Lib\site-packages\netmiko\cisco_base_connection.py", line 25, in enable
    return super().enable(
           ^^^^^^^^^^^^^^^
  File "C:\Users\naera\AppData\Local\Programs\Python\Python311\Lib\site-packages\netmiko\base_connection.py", line 1935, in enable
    output += self.read_until_prompt()
              ^^^^^^^^^^^^^^^^^^^^^^^^
  File "C:\Users\naera\AppData\Local\Programs\Python\Python311\Lib\site-packages\netmiko\base_connection.py", line 755, in read_until_prompt
    return self.read_until_pattern(
           ^^^^^^^^^^^^^^^^^^^^^^^^
  File "C:\Users\naera\AppData\Local\Programs\Python\Python311\Lib\site-packages\netmiko\base_connection.py", line 672, in read_until_pattern
    raise ReadTimeout(msg)
netmiko.exceptions.ReadTimeout: 

Pattern not detected: 'mainrouter1' in output.

Things you might try to fix this:
1. Adjust the regex pattern to better identify the terminating string. Note, in
many situations the pattern is automatically based on the network device's prompt.
2. Increase the read_timeout to a larger value.

You can also look at the Netmiko session_log or debug log for more information.



2023-07-19 16:12:22,370 - nornir.core.task -    ERROR -      start() - Host 'mainrouter1': task 'set_acl' failed with traceback:
Traceback (most recent call last):
  File "C:\Users\naera\AppData\Local\Programs\Python\Python311\Lib\site-packages\nornir\core\task.py", line 99, in start
    r = self.task(self, **self.params)
        ^^^^^^^^^^^^^^^^^^^^^^^^^^^^^^
  File "C:\PROJECT\ACL.py", line 29, in set_acl
    result = task.run(
             ^^^^^^^^^
  File "C:\Users\naera\AppData\Local\Programs\Python\Python311\Lib\site-packages\nornir\core\task.py", line 174, in run
    raise NornirSubTaskError(task=run_task, result=r)
nornir.core.exceptions.NornirSubTaskError: Subtask: netmiko_send_config (failed)


2023-07-19 16:12:22,394 -  nornir.core -     INFO -        run() - Running task 'close_connections_task' with args {} on 1 hosts
2023-07-19 16:15:46,047 -  nornir.core -     INFO -        run() - Running task 'send_command' with args {'command': 'enable\n1234\nshow int'} on 1 hosts
2023-07-19 16:15:50,153 -  nornir.core -     INFO -        run() - Running task 'close_connections_task' with args {} on 1 hosts
2023-07-19 16:17:46,687 -  nornir.core -     INFO -        run() - Running task 'send_command' with args {'command': 'enable\n1234\nconf t\nrouter ospf 1\nnetwork 10.10.1.0 0.0.0.255 area 1\nnetwork 192.168.45.0 0.0.0.255 area 1\n'} on 1 hosts
2023-07-19 16:17:50,890 -  nornir.core -     INFO -        run() - Running task 'close_connections_task' with args {} on 1 hosts
2023-07-19 16:41:18,111 -  nornir.core -     INFO -        run() - Running task 'send_command' with args {'command': ['enable', '{Password}', 'conf t', 'ip access-list extended ACL_NAME', 'permit tcp any any eq 80', 'permit tcp any any eq 443', 'deny ip any any']} on 1 hosts
2023-07-19 16:41:20,089 - nornir.core.task -    ERROR -      start() - Host 'mainrouter1': task 'netmiko_send_command' failed with traceback:
Traceback (most recent call last):
  File "C:\Users\naera\AppData\Local\Programs\Python\Python311\Lib\site-packages\nornir\core\task.py", line 99, in start
    r = self.task(self, **self.params)
        ^^^^^^^^^^^^^^^^^^^^^^^^^^^^^^
  File "C:\Users\naera\AppData\Local\Programs\Python\Python311\Lib\site-packages\nornir_netmiko\tasks\netmiko_send_command.py", line 30, in netmiko_send_command
    result = net_connect.send_command_timing(command_string, **kwargs)
             ^^^^^^^^^^^^^^^^^^^^^^^^^^^^^^^^^^^^^^^^^^^^^^^^^^^^^^^^^
  File "C:\Users\naera\AppData\Local\Programs\Python\Python311\Lib\site-packages\netmiko\utilities.py", line 592, in wrapper_decorator
    return func(self, *args, **kwargs)
           ^^^^^^^^^^^^^^^^^^^^^^^^^^^
  File "C:\Users\naera\AppData\Local\Programs\Python\Python311\Lib\site-packages\netmiko\base_connection.py", line 1464, in send_command_timing
    command_string = self.normalize_cmd(command_string)
                     ^^^^^^^^^^^^^^^^^^^^^^^^^^^^^^^^^^
  File "C:\Users\naera\AppData\Local\Programs\Python\Python311\Lib\site-packages\netmiko\base_connection.py", line 1879, in normalize_cmd
    command = command.rstrip()
              ^^^^^^^^^^^^^^
AttributeError: 'list' object has no attribute 'rstrip'

2023-07-19 16:41:20,096 - nornir.core.task -    ERROR -      start() - Host 'mainrouter1': task 'send_command' failed with traceback:
Traceback (most recent call last):
  File "C:\Users\naera\AppData\Local\Programs\Python\Python311\Lib\site-packages\nornir\core\task.py", line 99, in start
    r = self.task(self, **self.params)
        ^^^^^^^^^^^^^^^^^^^^^^^^^^^^^^
  File "C:\PROJECT\Boss.py", line 12, in send_command
    result = task.run(task=netmiko_send_command, command_string=command, use_timing=True)
             ^^^^^^^^^^^^^^^^^^^^^^^^^^^^^^^^^^^^^^^^^^^^^^^^^^^^^^^^^^^^^^^^^^^^^^^^^^^^
  File "C:\Users\naera\AppData\Local\Programs\Python\Python311\Lib\site-packages\nornir\core\task.py", line 174, in run
    raise NornirSubTaskError(task=run_task, result=r)
nornir.core.exceptions.NornirSubTaskError: Subtask: netmiko_send_command (failed)


2023-07-19 16:41:20,112 -  nornir.core -     INFO -        run() - Running task 'close_connections_task' with args {} on 1 hosts
2023-07-19 16:44:30,884 -  nornir.core -     INFO -        run() - Running task 'send_command' with args {'command': 'enable\n1234\nconf t\nip access-list extended ACL_NAME\npermit tcp any any eq 80\npermit tcp any any eq 443\ndeny ip any any\n'} on 1 hosts
2023-07-19 16:44:35,073 -  nornir.core -     INFO -        run() - Running task 'close_connections_task' with args {} on 1 hosts
2023-07-31 16:54:49,456 -  nornir.core -     INFO -        run() - Running task 'send_command' with args {'command': 'enable\n1234\nconf t\nip access-list extended DENY_ICMP\ndeny icmp 10.10.0.0 0.0.255.255 192.168.35.141 0.0.0.255\n'} on 1 hosts
2023-07-31 16:54:53,702 -  nornir.core -     INFO -        run() - Running task 'close_connections_task' with args {} on 1 hosts
2023-07-31 16:55:36,779 -  nornir.core -     INFO -        run() - Running task 'send_command' with args {'command': 'enable\n1234\nconf t\ninterface f0/0\nip access-group DENY_ICMP in\n'} on 1 hosts
2023-07-31 16:55:40,996 -  nornir.core -     INFO -        run() - Running task 'close_connections_task' with args {} on 1 hosts
2023-07-31 16:57:21,722 -  nornir.core -     INFO -        run() - Running task 'send_command' with args {'command': 'enable\n1234\nconf t\ninterface f0/1\nip access-group DENY_ICMP out\n'} on 1 hosts
2023-07-31 16:57:25,909 -  nornir.core -     INFO -        run() - Running task 'close_connections_task' with args {} on 1 hosts
2023-08-06 19:00:39,719 -  nornir.core -     INFO -        run() - Running task 'send_command' with args {'command': 'enable\n1234\nconf t\nip access-list extended DENY_IP\ndeny ip host 10.10.2.2\n'} on 1 hosts
2023-08-06 19:00:43,968 -  nornir.core -     INFO -        run() - Running task 'close_connections_task' with args {} on 1 hosts
2023-08-06 19:04:14,921 -  nornir.core -     INFO -        run() - Running task 'send_command' with args {'command': 'enable\n1234\nconf t\nip access-list extended DENY_IP\ndeny ip host 10.10.2.2\n'} on 1 hosts
2023-08-06 19:04:19,019 -  nornir.core -     INFO -        run() - Running task 'close_connections_task' with args {} on 1 hosts
2023-08-06 19:08:47,077 -  nornir.core -     INFO -        run() - Running task 'send_command' with args {'command': 'enable\n1234\nconf t\ninterface f0/0\nip access-group DENEY_IP in\n'} on 1 hosts
2023-08-06 19:08:51,331 -  nornir.core -     INFO -        run() - Running task 'close_connections_task' with args {} on 1 hosts
